[2026-03-06 23:48:15] local.ERROR: __VSCODE_LARAVEL_STARTUP_ERROR__: Class "Fruitcake\LaravelDebugbar\ServiceProvider" not found {"exception":"[object] (Error(code: 0): __VSCODE_LARAVEL_STARTUP_ERROR__: Class \"Fruitcake\\LaravelDebugbar\\ServiceProvider\" not found at C:/laragon/www/ujian-online/vendor/_laravel_ide/discover-31b934f114eabc246b541addb8b458e3.php:33)
[stacktrace]
#0 C:/laragon/www/ujian-online/vendor/_laravel_ide/discover-31b934f114eabc246b541addb8b458e3.php(62): LaravelVsCode::startupError(Object(Error))
#1 {main}
"} 
[2026-03-06 23:48:15] local.ERROR: __VSCODE_LARAVEL_STARTUP_ERROR__: Class "Fruitcake\LaravelDebugbar\ServiceProvider" not found {"exception":"[object] (Error(code: 0): __VSCODE_LARAVEL_STARTUP_ERROR__: Class \"Fruitcake\\LaravelDebugbar\\ServiceProvider\" not found at C:/laragon/www/ujian-online/vendor/_laravel_ide/discover-19804082b122017c46bdac205a3a1912.php:33)
[stacktrace]
#0 C:/laragon/www/ujian-online/vendor/_laravel_ide/discover-19804082b122017c46bdac205a3a1912.php(62): LaravelVsCode::startupError(Object(Error))
#1 {main}
"} 
[2026-03-06 23:48:16] local.ERROR: __VSCODE_LARAVEL_STARTUP_ERROR__: Class "Fruitcake\LaravelDebugbar\ServiceProvider" not found {"exception":"[object] (Error(code: 0): __VSCODE_LARAVEL_STARTUP_ERROR__: Class \"Fruitcake\\LaravelDebugbar\\ServiceProvider\" not found at C:/laragon/www/ujian-online/vendor/_laravel_ide/discover-cfae44312a91110c691459b4106ded61.php:33)
[stacktrace]
#0 C:/laragon/www/ujian-online/vendor/_laravel_ide/discover-cfae44312a91110c691459b4106ded61.php(62): LaravelVsCode::startupError(Object(Error))
#1 {main}
"} 
[2026-03-06 23:48:16] local.ERROR: __VSCODE_LARAVEL_STARTUP_ERROR__: Class "Fruitcake\LaravelDebugbar\ServiceProvider" not found {"exception":"[object] (Error(code: 0): __VSCODE_LARAVEL_STARTUP_ERROR__: Class \"Fruitcake\\LaravelDebugbar\\ServiceProvider\" not found at C:/laragon/www/ujian-online/vendor/_laravel_ide/discover-5b6a8384942db1c03ab2ddca280c9dbf.php:33)
[stacktrace]
#0 C:/laragon/www/ujian-online/vendor/_laravel_ide/discover-5b6a8384942db1c03ab2ddca280c9dbf.php(62): LaravelVsCode::startupError(Object(Error))
#1 {main}
"} 
[2026-03-06 23:48:16] local.ERROR: __VSCODE_LARAVEL_STARTUP_ERROR__: Class "Fruitcake\LaravelDebugbar\ServiceProvider" not found {"exception":"[object] (Error(code: 0): __VSCODE_LARAVEL_STARTUP_ERROR__: Class \"Fruitcake\\LaravelDebugbar\\ServiceProvider\" not found at C:/laragon/www/ujian-online/vendor/_laravel_ide/discover-016c8ef007628f93e3ad930719f73821.php:33)
[stacktrace]
#0 C:/laragon/www/ujian-online/vendor/_laravel_ide/discover-016c8ef007628f93e3ad930719f73821.php(62): LaravelVsCode::startupError(Object(Error))
#1 {main}
"} 
[2026-03-06 23:48:16] local.ERROR: __VSCODE_LARAVEL_STARTUP_ERROR__: Class "Fruitcake\LaravelDebugbar\ServiceProvider" not found {"exception":"[object] (Error(code: 0): __VSCODE_LARAVEL_STARTUP_ERROR__: Class \"Fruitcake\\LaravelDebugbar\\ServiceProvider\" not found at C:/laragon/www/ujian-online/vendor/_laravel_ide/discover-6d96201ad95cad12367117063c707ebf.php:33)
[stacktrace]
#0 C:/laragon/www/ujian-online/vendor/_laravel_ide/discover-6d96201ad95cad12367117063c707ebf.php(62): LaravelVsCode::startupError(Object(Error))
#1 {main}
"} 
[2026-03-06 23:48:16] local.ERROR: __VSCODE_LARAVEL_STARTUP_ERROR__: Class "Fruitcake\LaravelDebugbar\ServiceProvider" not found {"exception":"[object] (Error(code: 0): __VSCODE_LARAVEL_STARTUP_ERROR__: Class \"Fruitcake\\LaravelDebugbar\\ServiceProvider\" not found at C:/laragon/www/ujian-online/vendor/_laravel_ide/discover-af6a300c8cbdb761fde4dbad46137744.php:33)
[stacktrace]
#0 C:/laragon/www/ujian-online/vendor/_laravel_ide/discover-af6a300c8cbdb761fde4dbad46137744.php(62): LaravelVsCode::startupError(Object(Error))
#1 {main}
"} 
[2026-03-06 23:48:16] local.ERROR: __VSCODE_LARAVEL_STARTUP_ERROR__: Class "Fruitcake\LaravelDebugbar\ServiceProvider" not found {"exception":"[object] (Error(code: 0): __VSCODE_LARAVEL_STARTUP_ERROR__: Class \"Fruitcake\\LaravelDebugbar\\ServiceProvider\" not found at C:/laragon/www/ujian-online/vendor/_laravel_ide/discover-69e789b19f48e0c16b9e02ccbcd21a11.php:33)
[stacktrace]
#0 C:/laragon/www/ujian-online/vendor/_laravel_ide/discover-69e789b19f48e0c16b9e02ccbcd21a11.php(62): LaravelVsCode::startupError(Object(Error))
#1 {main}
"} 
[2026-03-06 23:48:16] local.ERROR: __VSCODE_LARAVEL_STARTUP_ERROR__: Class "Fruitcake\LaravelDebugbar\ServiceProvider" not found {"exception":"[object] (Error(code: 0): __VSCODE_LARAVEL_STARTUP_ERROR__: Class \"Fruitcake\\LaravelDebugbar\\ServiceProvider\" not found at C:/laragon/www/ujian-online/vendor/_laravel_ide/discover-7563160ca998bde672640aa1e68dfd08.php:33)
[stacktrace]
#0 C:/laragon/www/ujian-online/vendor/_laravel_ide/discover-7563160ca998bde672640aa1e68dfd08.php(62): LaravelVsCode::startupError(Object(Error))
#1 {main}
"} 
[2026-03-06 23:48:16] local.ERROR: __VSCODE_LARAVEL_STARTUP_ERROR__: Class "Fruitcake\LaravelDebugbar\ServiceProvider" not found {"exception":"[object] (Error(code: 0): __VSCODE_LARAVEL_STARTUP_ERROR__: Class \"Fruitcake\\LaravelDebugbar\\ServiceProvider\" not found at C:/laragon/www/ujian-online/vendor/_laravel_ide/discover-f5442aeac73a6a9021bd7ce113d6a606.php:33)
[stacktrace]
#0 C:/laragon/www/ujian-online/vendor/_laravel_ide/discover-f5442aeac73a6a9021bd7ce113d6a606.php(62): LaravelVsCode::startupError(Object(Error))
#1 {main}
"} 
[2026-03-06 23:48:17] local.ERROR: __VSCODE_LARAVEL_STARTUP_ERROR__: Class "Fruitcake\LaravelDebugbar\ServiceProvider" not found {"exception":"[object] (Error(code: 0): __VSCODE_LARAVEL_STARTUP_ERROR__: Class \"Fruitcake\\LaravelDebugbar\\ServiceProvider\" not found at C:/laragon/www/ujian-online/vendor/_laravel_ide/discover-6d96201ad95cad12367117063c707ebf.php:33)
[stacktrace]
#0 C:/laragon/www/ujian-online/vendor/_laravel_ide/discover-6d96201ad95cad12367117063c707ebf.php(62): LaravelVsCode::startupError(Object(Error))
#1 {main}
"} 
[2026-03-06 23:48:17] local.ERROR: __VSCODE_LARAVEL_STARTUP_ERROR__: Class "Fruitcake\LaravelDebugbar\ServiceProvider" not found {"exception":"[object] (Error(code: 0): __VSCODE_LARAVEL_STARTUP_ERROR__: Class \"Fruitcake\\LaravelDebugbar\\ServiceProvider\" not found at C:/laragon/www/ujian-online/vendor/_laravel_ide/discover-af6a300c8cbdb761fde4dbad46137744.php:33)
[stacktrace]
#0 C:/laragon/www/ujian-online/vendor/_laravel_ide/discover-af6a300c8cbdb761fde4dbad46137744.php(62): LaravelVsCode::startupError(Object(Error))
#1 {main}
"} 
[2026-03-06 23:48:17] local.ERROR: __VSCODE_LARAVEL_STARTUP_ERROR__: Class "Fruitcake\LaravelDebugbar\ServiceProvider" not found {"exception":"[object] (Error(code: 0): __VSCODE_LARAVEL_STARTUP_ERROR__: Class \"Fruitcake\\LaravelDebugbar\\ServiceProvider\" not found at C:/laragon/www/ujian-online/vendor/_laravel_ide/discover-cfae44312a91110c691459b4106ded61.php:33)
[stacktrace]
#0 C:/laragon/www/ujian-online/vendor/_laravel_ide/discover-cfae44312a91110c691459b4106ded61.php(62): LaravelVsCode::startupError(Object(Error))
#1 {main}
"} 
[2026-03-06 23:48:17] local.ERROR: __VSCODE_LARAVEL_STARTUP_ERROR__: Class "Fruitcake\LaravelDebugbar\ServiceProvider" not found {"exception":"[object] (Error(code: 0): __VSCODE_LARAVEL_STARTUP_ERROR__: Class \"Fruitcake\\LaravelDebugbar\\ServiceProvider\" not found at C:/laragon/www/ujian-online/vendor/_laravel_ide/discover-5b6a8384942db1c03ab2ddca280c9dbf.php:33)
[stacktrace]
#0 C:/laragon/www/ujian-online/vendor/_laravel_ide/discover-5b6a8384942db1c03ab2ddca280c9dbf.php(62): LaravelVsCode::startupError(Object(Error))
#1 {main}
"} 
[2026-03-06 23:48:17] local.ERROR: __VSCODE_LARAVEL_STARTUP_ERROR__: Class "Fruitcake\LaravelDebugbar\ServiceProvider" not found {"exception":"[object] (Error(code: 0): __VSCODE_LARAVEL_STARTUP_ERROR__: Class \"Fruitcake\\LaravelDebugbar\\ServiceProvider\" not found at C:/laragon/www/ujian-online/vendor/_laravel_ide/discover-f5442aeac73a6a9021bd7ce113d6a606.php:33)
[stacktrace]
#0 C:/laragon/www/ujian-online/vendor/_laravel_ide/discover-f5442aeac73a6a9021bd7ce113d6a606.php(62): LaravelVsCode::startupError(Object(Error))
#1 {main}
"} 
[2026-03-06 23:49:11] local.ERROR: Class "Fruitcake\LaravelDebugbar\ServiceProvider" not found {"exception":"[object] (Error(code: 0): Class \"Fruitcake\\LaravelDebugbar\\ServiceProvider\" not found at C:/laragon/www/ujian-online/vendor/laravel/framework/src/Illuminate/Foundation/ProviderRepository.php:205)
[stacktrace]
#0 C:/laragon/www/ujian-online/vendor/laravel/framework/src/Illuminate/Foundation/ProviderRepository.php(141): Illuminate/Foundation/ProviderRepository->createProvider('Fruitcake//Larav...')
#1 C:/laragon/www/ujian-online/vendor/laravel/framework/src/Illuminate/Foundation/ProviderRepository.php(60): Illuminate/Foundation/ProviderRepository->compileManifest(Array)
#2 C:/laragon/www/ujian-online/vendor/laravel/framework/src/Illuminate/Foundation/Application.php(871): Illuminate/Foundation/ProviderRepository->load(Array)
#3 C:/laragon/www/ujian-online/vendor/laravel/framework/src/Illuminate/Foundation/Bootstrap/RegisterProviders.php(37): Illuminate/Foundation/Application->registerConfiguredProviders()
#4 C:/laragon/www/ujian-online/vendor/laravel/framework/src/Illuminate/Foundation/Application.php(342): Illuminate/Foundation/Bootstrap/RegisterProviders->bootstrap(Object(Illuminate/Foundation/Application))
#5 C:/laragon/www/ujian-online/vendor/laravel/framework/src/Illuminate/Foundation/Console/Kernel.php(494): Illuminate/Foundation/Application->bootstrapWith(Array)
#6 C:/laragon/www/ujian-online/vendor/laravel/framework/src/Illuminate/Foundation/Console/Kernel.php(196): Illuminate/Foundation/Console/Kernel->bootstrap()
#7 C:/laragon/www/ujian-online/vendor/laravel/framework/src/Illuminate/Foundation/Application.php(1235): Illuminate/Foundation/Console/Kernel->handle(Object(Symfony/Component/Console/Input/ArgvInput), Object(Symfony/Component/Console/Output/ConsoleOutput))
#8 C:/laragon/www/ujian-online/artisan(16): Illuminate/Foundation/Application->handleCommand(Object(Symfony/Component/Console/Input/ArgvInput))
#9 {main}
"} 
[2026-03-06 23:49:11] local.ERROR: Class "Fruitcake\LaravelDebugbar\ServiceProvider" not found {"exception":"[object] (Error(code: 0): Class \"Fruitcake\\LaravelDebugbar\\ServiceProvider\" not found at C:/laragon/www/ujian-online/vendor/laravel/framework/src/Illuminate/Foundation/ProviderRepository.php:205)
[stacktrace]
#0 C:/laragon/www/ujian-online/vendor/laravel/framework/src/Illuminate/Foundation/ProviderRepository.php(141): Illuminate/Foundation/ProviderRepository->createProvider('Fruitcake//Larav...')
#1 C:/laragon/www/ujian-online/vendor/laravel/framework/src/Illuminate/Foundation/ProviderRepository.php(60): Illuminate/Foundation/ProviderRepository->compileManifest(Array)
#2 C:/laragon/www/ujian-online/vendor/laravel/framework/src/Illuminate/Foundation/Application.php(871): Illuminate/Foundation/ProviderRepository->load(Array)
#3 C:/laragon/www/ujian-online/vendor/laravel/framework/src/Illuminate/Foundation/Bootstrap/RegisterProviders.php(37): Illuminate/Foundation/Application->registerConfiguredProviders()
#4 C:/laragon/www/ujian-online/vendor/laravel/framework/src/Illuminate/Foundation/Application.php(342): Illuminate/Foundation/Bootstrap/RegisterProviders->bootstrap(Object(Illuminate/Foundation/Application))
#5 C:/laragon/www/ujian-online/vendor/laravel/framework/src/Illuminate/Foundation/Console/Kernel.php(494): Illuminate/Foundation/Application->bootstrapWith(Array)
#6 C:/laragon/www/ujian-online/vendor/laravel/framework/src/Illuminate/Foundation/Console/Kernel.php(196): Illuminate/Foundation/Console/Kernel->bootstrap()
#7 C:/laragon/www/ujian-online/vendor/laravel/framework/src/Illuminate/Foundation/Application.php(1235): Illuminate/Foundation/Console/Kernel->handle(Object(Symfony/Component/Console/Input/ArgvInput), Object(Symfony/Component/Console/Output/ConsoleOutput))
#8 C:/laragon/www/ujian-online/artisan(16): Illuminate/Foundation/Application->handleCommand(Object(Symfony/Component/Console/Input/ArgvInput))
#9 {main}
"} 
[2026-03-24 07:32:11] local.ERROR: SQLSTATE[42S02]: Base table or view not found: 1146 Table 'ujianonline.telescope_entries' doesn't exist (Connection: mysql, Host: 127.0.0.1, Port: 3306, Database: ujianOnline, SQL: insert into `telescope_entries` (`batch_id`, `content`, `created_at`, `family_hash`, `type`, `uuid`) values (a15f6d9f-2f36-458e-b2f5-e1ce949a8023, {"connection":"mysql","driver":"mysql","bindings":[],"sql":"select exists (select 1 from information_schema.tables where table_schema = schema() and table_name = 'app_settings' and table_type in ('BASE TABLE', 'SYSTEM VERSIONED')) as `exists`","time":"1.34","slow":false,"file":"C:\\laragon\\www\\base-app-laravel-vue\\app\\Providers\\AppServiceProvider.php","line":31,"hash":"beec23b2ae66bc664d1155aede4d8f51","hostname":"DESKTOP-7161UI4"}, 2026-03-24 07:32:11, ?, query, a15f6d9f-000f-4ba0-a180-22800feb01d7), (a15f6d9f-2f36-458e-b2f5-e1ce949a8023, {"connection":"mysql","driver":"mysql","bindings":[],"sql":"select * from `app_settings` limit 1","time":"0.53","slow":false,"file":"C:\\laragon\\www\\base-app-laravel-vue\\app\\Providers\\AppServiceProvider.php","line":32,"hash":"7f04c662904f9b6b9807ef843d45c6e6","hostname":"DESKTOP-7161UI4"}, 2026-03-24 07:32:11, ?, query, a15f6d9f-0853-461f-8a5a-2d1a459dcf8a), (a15f6d9f-2f36-458e-b2f5-e1ce949a8023, {"action":"retrieved","model":"App\\Models\\AppSetting","count":1,"hostname":"DESKTOP-7161UI4"}, 2026-03-24 07:32:11, ?, model, a15f6d9f-0882-4217-ada8-c037b6ae097a), (a15f6d9f-2f36-458e-b2f5-e1ce949a8023, {"command":"vendor:publish","exit_code":0,"arguments":{"command":"vendor:publish"},"options":{"existing":false,"force":true,"all":false,"provider":null,"tag":["laravel-assets"],"help":false,"silent":false,"quiet":false,"verbose":false,"version":false,"ansi":true,"no-interaction":false,"env":null},"hostname":"DESKTOP-7161UI4"}, 2026-03-24 07:32:11, ?, command, a15f6d9f-2e44-4160-b0d7-b93cca53a4d8)) {"exception":"[object] (Illuminate\\Database\\QueryException(code: 42S02): SQLSTATE[42S02]: Base table or view not found: 1146 Table 'ujianonline.telescope_entries' doesn't exist (Connection: mysql, Host: 127.0.0.1, Port: 3306, Database: ujianOnline, SQL: insert into `telescope_entries` (`batch_id`, `content`, `created_at`, `family_hash`, `type`, `uuid`) values (a15f6d9f-2f36-458e-b2f5-e1ce949a8023, {\"connection\":\"mysql\",\"driver\":\"mysql\",\"bindings\":[],\"sql\":\"select exists (select 1 from information_schema.tables where table_schema = schema() and table_name = 'app_settings' and table_type in ('BASE TABLE', 'SYSTEM VERSIONED')) as `exists`\",\"time\":\"1.34\",\"slow\":false,\"file\":\"C:\\\\laragon\\\\www\\\\base-app-laravel-vue\\\\app\\\\Providers\\\\AppServiceProvider.php\",\"line\":31,\"hash\":\"beec23b2ae66bc664d1155aede4d8f51\",\"hostname\":\"DESKTOP-7161UI4\"}, 2026-03-24 07:32:11, ?, query, a15f6d9f-000f-4ba0-a180-22800feb01d7), (a15f6d9f-2f36-458e-b2f5-e1ce949a8023, {\"connection\":\"mysql\",\"driver\":\"mysql\",\"bindings\":[],\"sql\":\"select * from `app_settings` limit 1\",\"time\":\"0.53\",\"slow\":false,\"file\":\"C:\\\\laragon\\\\www\\\\base-app-laravel-vue\\\\app\\\\Providers\\\\AppServiceProvider.php\",\"line\":32,\"hash\":\"7f04c662904f9b6b9807ef843d45c6e6\",\"hostname\":\"DESKTOP-7161UI4\"}, 2026-03-24 07:32:11, ?, query, a15f6d9f-0853-461f-8a5a-2d1a459dcf8a), (a15f6d9f-2f36-458e-b2f5-e1ce949a8023, {\"action\":\"retrieved\",\"model\":\"App\\\\Models\\\\AppSetting\",\"count\":1,\"hostname\":\"DESKTOP-7161UI4\"}, 2026-03-24 07:32:11, ?, model, a15f6d9f-0882-4217-ada8-c037b6ae097a), (a15f6d9f-2f36-458e-b2f5-e1ce949a8023, {\"command\":\"vendor:publish\",\"exit_code\":0,\"arguments\":{\"command\":\"vendor:publish\"},\"options\":{\"existing\":false,\"force\":true,\"all\":false,\"provider\":null,\"tag\":[\"laravel-assets\"],\"help\":false,\"silent\":false,\"quiet\":false,\"verbose\":false,\"version\":false,\"ansi\":true,\"no-interaction\":false,\"env\":null},\"hostname\":\"DESKTOP-7161UI4\"}, 2026-03-24 07:32:11, ?, command, a15f6d9f-2e44-4160-b0d7-b93cca53a4d8)) at C:/laragon/www/base-app-laravel-vue/vendor/laravel/framework/src/Illuminate/Database/Connection.php:838)
[stacktrace]
#0 C:/laragon/www/base-app-laravel-vue/vendor/laravel/framework/src/Illuminate/Database/Connection.php(794): Illuminate/Database/Connection->runQueryCallback('insert into `te...', Array, Object(Closure))
#1 C:/laragon/www/base-app-laravel-vue/vendor/laravel/framework/src/Illuminate/Database/MySqlConnection.php(42): Illuminate/Database/Connection->run('insert into `te...', Array, Object(Closure))
#2 C:/laragon/www/base-app-laravel-vue/vendor/laravel/framework/src/Illuminate/Database/Query/Builder.php(4091): Illuminate/Database/MySqlConnection->insert('insert into `te...', Array)
#3 C:/laragon/www/base-app-laravel-vue/vendor/laravel/telescope/src/Storage/DatabaseEntriesRepository.php(145): Illuminate/Database/Query/Builder->insert(Array)
#4 C:/laragon/www/base-app-laravel-vue/vendor/laravel/framework/src/Illuminate/Collections/Traits/EnumeratesValues.php(275): Laravel/Telescope/Storage/DatabaseEntriesRepository->Laravel/Telescope/Storage/{closure}(Object(Illuminate/Support/Collection), 0)
#5 C:/laragon/www/base-app-laravel-vue/vendor/laravel/telescope/src/Storage/DatabaseEntriesRepository.php(144): Illuminate/Support/Collection->each(Object(Closure))
#6 C:/laragon/www/base-app-laravel-vue/vendor/laravel/telescope/src/Telescope.php(664): Laravel/Telescope/Storage/DatabaseEntriesRepository->store(Object(Illuminate/Support/Collection))
#7 [internal function]: Laravel/Telescope/Telescope::Laravel/Telescope/{closure}()
#8 C:/laragon/www/base-app-laravel-vue/vendor/laravel/telescope/src/Telescope.php(289): call_user_func(Object(Closure))
#9 C:/laragon/www/base-app-laravel-vue/vendor/laravel/telescope/src/Telescope.php(656): Laravel/Telescope/Telescope::withoutRecording(Object(Closure))
#10 C:/laragon/www/base-app-laravel-vue/vendor/laravel/telescope/src/ListensForStorageOpportunities.php(65): Laravel/Telescope/Telescope::store(Object(Laravel/Telescope/Storage/DatabaseEntriesRepository))
#11 C:/laragon/www/base-app-laravel-vue/vendor/laravel/framework/src/Illuminate/Container/BoundMethod.php(36): Laravel/Telescope/Telescope::Laravel/Telescope/{closure}()
#12 C:/laragon/www/base-app-laravel-vue/vendor/laravel/framework/src/Illuminate/Container/Util.php(43): Illuminate/Container/BoundMethod::Illuminate/Container/{closure}()
#13 C:/laragon/www/base-app-laravel-vue/vendor/laravel/framework/src/Illuminate/Container/BoundMethod.php(84): Illuminate/Container/Util::unwrapIfClosure(Object(Closure))
#14 C:/laragon/www/base-app-laravel-vue/vendor/laravel/framework/src/Illuminate/Container/BoundMethod.php(35): Illuminate/Container/BoundMethod::callBoundMethod(Object(Illuminate/Foundation/Application), Object(Closure), Object(Closure))
#15 C:/laragon/www/base-app-laravel-vue/vendor/laravel/framework/src/Illuminate/Container/Container.php(799): Illuminate/Container/BoundMethod::call(Object(Illuminate/Foundation/Application), Object(Closure), Array, NULL)
#16 C:/laragon/www/base-app-laravel-vue/vendor/laravel/framework/src/Illuminate/Foundation/Application.php(1466): Illuminate/Container/Container->call(Object(Closure))
#17 C:/laragon/www/base-app-laravel-vue/vendor/laravel/framework/src/Illuminate/Foundation/Console/Kernel.php(219): Illuminate/Foundation/Application->terminate()
#18 C:/laragon/www/base-app-laravel-vue/vendor/laravel/framework/src/Illuminate/Foundation/Application.php(1240): Illuminate/Foundation/Console/Kernel->terminate(Object(Symfony/Component/Console/Input/ArgvInput), 0)
#19 C:/laragon/www/base-app-laravel-vue/artisan(16): Illuminate/Foundation/Application->handleCommand(Object(Symfony/Component/Console/Input/ArgvInput))
#20 {main}

[previous exception] [object] (PDOException(code: 42S02): SQLSTATE[42S02]: Base table or view not found: 1146 Table 'ujianonline.telescope_entries' doesn't exist at C:/laragon/www/base-app-laravel-vue/vendor/laravel/framework/src/Illuminate/Database/MySqlConnection.php:47)
[stacktrace]
#0 C:/laragon/www/base-app-laravel-vue/vendor/laravel/framework/src/Illuminate/Database/MySqlConnection.php(47): PDO->prepare('insert into `te...')
#1 C:/laragon/www/base-app-laravel-vue/vendor/laravel/framework/src/Illuminate/Database/Connection.php(827): Illuminate/Database/MySqlConnection->Illuminate/Database/{closure}('insert into `te...', Array)
#2 C:/laragon/www/base-app-laravel-vue/vendor/laravel/framework/src/Illuminate/Database/Connection.php(794): Illuminate/Database/Connection->runQueryCallback('insert into `te...', Array, Object(Closure))
#3 C:/laragon/www/base-app-laravel-vue/vendor/laravel/framework/src/Illuminate/Database/MySqlConnection.php(42): Illuminate/Database/Connection->run('insert into `te...', Array, Object(Closure))
#4 C:/laragon/www/base-app-laravel-vue/vendor/laravel/framework/src/Illuminate/Database/Query/Builder.php(4091): Illuminate/Database/MySqlConnection->insert('insert into `te...', Array)
#5 C:/laragon/www/base-app-laravel-vue/vendor/laravel/telescope/src/Storage/DatabaseEntriesRepository.php(145): Illuminate/Database/Query/Builder->insert(Array)
#6 C:/laragon/www/base-app-laravel-vue/vendor/laravel/framework/src/Illuminate/Collections/Traits/EnumeratesValues.php(275): Laravel/Telescope/Storage/DatabaseEntriesRepository->Laravel/Telescope/Storage/{closure}(Object(Illuminate/Support/Collection), 0)
#7 C:/laragon/www/base-app-laravel-vue/vendor/laravel/telescope/src/Storage/DatabaseEntriesRepository.php(144): Illuminate/Support/Collection->each(Object(Closure))
#8 C:/laragon/www/base-app-laravel-vue/vendor/laravel/telescope/src/Telescope.php(664): Laravel/Telescope/Storage/DatabaseEntriesRepository->store(Object(Illuminate/Support/Collection))
#9 [internal function]: Laravel/Telescope/Telescope::Laravel/Telescope/{closure}()
#10 C:/laragon/www/base-app-laravel-vue/vendor/laravel/telescope/src/Telescope.php(289): call_user_func(Object(Closure))
#11 C:/laragon/www/base-app-laravel-vue/vendor/laravel/telescope/src/Telescope.php(656): Laravel/Telescope/Telescope::withoutRecording(Object(Closure))
#12 C:/laragon/www/base-app-laravel-vue/vendor/laravel/telescope/src/ListensForStorageOpportunities.php(65): Laravel/Telescope/Telescope::store(Object(Laravel/Telescope/Storage/DatabaseEntriesRepository))
#13 C:/laragon/www/base-app-laravel-vue/vendor/laravel/framework/src/Illuminate/Container/BoundMethod.php(36): Laravel/Telescope/Telescope::Laravel/Telescope/{closure}()
#14 C:/laragon/www/base-app-laravel-vue/vendor/laravel/framework/src/Illuminate/Container/Util.php(43): Illuminate/Container/BoundMethod::Illuminate/Container/{closure}()
#15 C:/laragon/www/base-app-laravel-vue/vendor/laravel/framework/src/Illuminate/Container/BoundMethod.php(84): Illuminate/Container/Util::unwrapIfClosure(Object(Closure))
#16 C:/laragon/www/base-app-laravel-vue/vendor/laravel/framework/src/Illuminate/Container/BoundMethod.php(35): Illuminate/Container/BoundMethod::callBoundMethod(Object(Illuminate/Foundation/Application), Object(Closure), Object(Closure))
#17 C:/laragon/www/base-app-laravel-vue/vendor/laravel/framework/src/Illuminate/Container/Container.php(799): Illuminate/Container/BoundMethod::call(Object(Illuminate/Foundation/Application), Object(Closure), Array, NULL)
#18 C:/laragon/www/base-app-laravel-vue/vendor/laravel/framework/src/Illuminate/Foundation/Application.php(1466): Illuminate/Container/Container->call(Object(Closure))
#19 C:/laragon/www/base-app-laravel-vue/vendor/laravel/framework/src/Illuminate/Foundation/Console/Kernel.php(219): Illuminate/Foundation/Application->terminate()
#20 C:/laragon/www/base-app-laravel-vue/vendor/laravel/framework/src/Illuminate/Foundation/Application.php(1240): Illuminate/Foundation/Console/Kernel->terminate(Object(Symfony/Component/Console/Input/ArgvInput), 0)
#21 C:/laragon/www/base-app-laravel-vue/artisan(16): Illuminate/Foundation/Application->handleCommand(Object(Symfony/Component/Console/Input/ArgvInput))
#22 {main}
"} 
[2026-03-24 07:32:20] local.ERROR: SQLSTATE[42S02]: Base table or view not found: 1146 Table 'ujianonline.telescope_entries' doesn't exist (Connection: mysql, Host: 127.0.0.1, Port: 3306, Database: ujianOnline, SQL: insert into `telescope_entries` (`batch_id`, `content`, `created_at`, `family_hash`, `type`, `uuid`) values (a15f6dad-0678-4b9e-be86-20da64b410bf, {"connection":"mysql","driver":"mysql","bindings":[],"sql":"select exists (select 1 from information_schema.tables where table_schema = schema() and table_name = 'app_settings' and table_type in ('BASE TABLE', 'SYSTEM VERSIONED')) as `exists`","time":"1.29","slow":false,"file":"C:\\laragon\\www\\base-app-laravel-vue\\app\\Providers\\AppServiceProvider.php","line":31,"hash":"beec23b2ae66bc664d1155aede4d8f51","hostname":"DESKTOP-7161UI4"}, 2026-03-24 07:32:20, ?, query, a15f6dac-cab3-4f0f-a15c-24774487d3c6), (a15f6dad-0678-4b9e-be86-20da64b410bf, {"connection":"mysql","driver":"mysql","bindings":[],"sql":"select * from `app_settings` limit 1","time":"0.51","slow":false,"file":"C:\\laragon\\www\\base-app-laravel-vue\\app\\Providers\\AppServiceProvider.php","line":32,"hash":"7f04c662904f9b6b9807ef843d45c6e6","hostname":"DESKTOP-7161UI4"}, 2026-03-24 07:32:20, ?, query, a15f6dac-d2ee-4c6d-94bc-81dfc3936677), (a15f6dad-0678-4b9e-be86-20da64b410bf, {"action":"retrieved","model":"App\\Models\\AppSetting","count":1,"hostname":"DESKTOP-7161UI4"}, 2026-03-24 07:32:20, ?, model, a15f6dac-d31c-4db1-9f36-d1ffa3dc4682), (a15f6dad-0678-4b9e-be86-20da64b410bf, {"command":"telescope:install","exit_code":0,"arguments":{"command":"telescope:install"},"options":{"help":false,"silent":false,"quiet":false,"verbose":false,"version":false,"ansi":null,"no-interaction":false,"env":null},"hostname":"DESKTOP-7161UI4"}, 2026-03-24 07:32:20, ?, command, a15f6dad-0503-4771-afd6-c157ce7d879a)) {"exception":"[object] (Illuminate\\Database\\QueryException(code: 42S02): SQLSTATE[42S02]: Base table or view not found: 1146 Table 'ujianonline.telescope_entries' doesn't exist (Connection: mysql, Host: 127.0.0.1, Port: 3306, Database: ujianOnline, SQL: insert into `telescope_entries` (`batch_id`, `content`, `created_at`, `family_hash`, `type`, `uuid`) values (a15f6dad-0678-4b9e-be86-20da64b410bf, {\"connection\":\"mysql\",\"driver\":\"mysql\",\"bindings\":[],\"sql\":\"select exists (select 1 from information_schema.tables where table_schema = schema() and table_name = 'app_settings' and table_type in ('BASE TABLE', 'SYSTEM VERSIONED')) as `exists`\",\"time\":\"1.29\",\"slow\":false,\"file\":\"C:\\\\laragon\\\\www\\\\base-app-laravel-vue\\\\app\\\\Providers\\\\AppServiceProvider.php\",\"line\":31,\"hash\":\"beec23b2ae66bc664d1155aede4d8f51\",\"hostname\":\"DESKTOP-7161UI4\"}, 2026-03-24 07:32:20, ?, query, a15f6dac-cab3-4f0f-a15c-24774487d3c6), (a15f6dad-0678-4b9e-be86-20da64b410bf, {\"connection\":\"mysql\",\"driver\":\"mysql\",\"bindings\":[],\"sql\":\"select * from `app_settings` limit 1\",\"time\":\"0.51\",\"slow\":false,\"file\":\"C:\\\\laragon\\\\www\\\\base-app-laravel-vue\\\\app\\\\Providers\\\\AppServiceProvider.php\",\"line\":32,\"hash\":\"7f04c662904f9b6b9807ef843d45c6e6\",\"hostname\":\"DESKTOP-7161UI4\"}, 2026-03-24 07:32:20, ?, query, a15f6dac-d2ee-4c6d-94bc-81dfc3936677), (a15f6dad-0678-4b9e-be86-20da64b410bf, {\"action\":\"retrieved\",\"model\":\"App\\\\Models\\\\AppSetting\",\"count\":1,\"hostname\":\"DESKTOP-7161UI4\"}, 2026-03-24 07:32:20, ?, model, a15f6dac-d31c-4db1-9f36-d1ffa3dc4682), (a15f6dad-0678-4b9e-be86-20da64b410bf, {\"command\":\"telescope:install\",\"exit_code\":0,\"arguments\":{\"command\":\"telescope:install\"},\"options\":{\"help\":false,\"silent\":false,\"quiet\":false,\"verbose\":false,\"version\":false,\"ansi\":null,\"no-interaction\":false,\"env\":null},\"hostname\":\"DESKTOP-7161UI4\"}, 2026-03-24 07:32:20, ?, command, a15f6dad-0503-4771-afd6-c157ce7d879a)) at C:/laragon/www/base-app-laravel-vue/vendor/laravel/framework/src/Illuminate/Database/Connection.php:838)
[stacktrace]
#0 C:/laragon/www/base-app-laravel-vue/vendor/laravel/framework/src/Illuminate/Database/Connection.php(794): Illuminate/Database/Connection->runQueryCallback('insert into `te...', Array, Object(Closure))
#1 C:/laragon/www/base-app-laravel-vue/vendor/laravel/framework/src/Illuminate/Database/MySqlConnection.php(42): Illuminate/Database/Connection->run('insert into `te...', Array, Object(Closure))
#2 C:/laragon/www/base-app-laravel-vue/vendor/laravel/framework/src/Illuminate/Database/Query/Builder.php(4091): Illuminate/Database/MySqlConnection->insert('insert into `te...', Array)
#3 C:/laragon/www/base-app-laravel-vue/vendor/laravel/telescope/src/Storage/DatabaseEntriesRepository.php(145): Illuminate/Database/Query/Builder->insert(Array)
#4 C:/laragon/www/base-app-laravel-vue/vendor/laravel/framework/src/Illuminate/Collections/Traits/EnumeratesValues.php(275): Laravel/Telescope/Storage/DatabaseEntriesRepository->Laravel/Telescope/Storage/{closure}(Object(Illuminate/Support/Collection), 0)
#5 C:/laragon/www/base-app-laravel-vue/vendor/laravel/telescope/src/Storage/DatabaseEntriesRepository.php(144): Illuminate/Support/Collection->each(Object(Closure))
#6 C:/laragon/www/base-app-laravel-vue/vendor/laravel/telescope/src/Telescope.php(664): Laravel/Telescope/Storage/DatabaseEntriesRepository->store(Object(Illuminate/Support/Collection))
#7 [internal function]: Laravel/Telescope/Telescope::Laravel/Telescope/{closure}()
#8 C:/laragon/www/base-app-laravel-vue/vendor/laravel/telescope/src/Telescope.php(289): call_user_func(Object(Closure))
#9 C:/laragon/www/base-app-laravel-vue/vendor/laravel/telescope/src/Telescope.php(656): Laravel/Telescope/Telescope::withoutRecording(Object(Closure))
#10 C:/laragon/www/base-app-laravel-vue/vendor/laravel/telescope/src/ListensForStorageOpportunities.php(65): Laravel/Telescope/Telescope::store(Object(Laravel/Telescope/Storage/DatabaseEntriesRepository))
#11 C:/laragon/www/base-app-laravel-vue/vendor/laravel/framework/src/Illuminate/Container/BoundMethod.php(36): Laravel/Telescope/Telescope::Laravel/Telescope/{closure}()
#12 C:/laragon/www/base-app-laravel-vue/vendor/laravel/framework/src/Illuminate/Container/Util.php(43): Illuminate/Container/BoundMethod::Illuminate/Container/{closure}()
#13 C:/laragon/www/base-app-laravel-vue/vendor/laravel/framework/src/Illuminate/Container/BoundMethod.php(84): Illuminate/Container/Util::unwrapIfClosure(Object(Closure))
#14 C:/laragon/www/base-app-laravel-vue/vendor/laravel/framework/src/Illuminate/Container/BoundMethod.php(35): Illuminate/Container/BoundMethod::callBoundMethod(Object(Illuminate/Foundation/Application), Object(Closure), Object(Closure))
#15 C:/laragon/www/base-app-laravel-vue/vendor/laravel/framework/src/Illuminate/Container/Container.php(799): Illuminate/Container/BoundMethod::call(Object(Illuminate/Foundation/Application), Object(Closure), Array, NULL)
#16 C:/laragon/www/base-app-laravel-vue/vendor/laravel/framework/src/Illuminate/Foundation/Application.php(1466): Illuminate/Container/Container->call(Object(Closure))
#17 C:/laragon/www/base-app-laravel-vue/vendor/laravel/framework/src/Illuminate/Foundation/Console/Kernel.php(219): Illuminate/Foundation/Application->terminate()
#18 C:/laragon/www/base-app-laravel-vue/vendor/laravel/framework/src/Illuminate/Foundation/Application.php(1240): Illuminate/Foundation/Console/Kernel->terminate(Object(Symfony/Component/Console/Input/ArgvInput), 0)
#19 C:/laragon/www/base-app-laravel-vue/artisan(16): Illuminate/Foundation/Application->handleCommand(Object(Symfony/Component/Console/Input/ArgvInput))
#20 {main}

[previous exception] [object] (PDOException(code: 42S02): SQLSTATE[42S02]: Base table or view not found: 1146 Table 'ujianonline.telescope_entries' doesn't exist at C:/laragon/www/base-app-laravel-vue/vendor/laravel/framework/src/Illuminate/Database/MySqlConnection.php:47)
[stacktrace]
#0 C:/laragon/www/base-app-laravel-vue/vendor/laravel/framework/src/Illuminate/Database/MySqlConnection.php(47): PDO->prepare('insert into `te...')
#1 C:/laragon/www/base-app-laravel-vue/vendor/laravel/framework/src/Illuminate/Database/Connection.php(827): Illuminate/Database/MySqlConnection->Illuminate/Database/{closure}('insert into `te...', Array)
#2 C:/laragon/www/base-app-laravel-vue/vendor/laravel/framework/src/Illuminate/Database/Connection.php(794): Illuminate/Database/Connection->runQueryCallback('insert into `te...', Array, Object(Closure))
#3 C:/laragon/www/base-app-laravel-vue/vendor/laravel/framework/src/Illuminate/Database/MySqlConnection.php(42): Illuminate/Database/Connection->run('insert into `te...', Array, Object(Closure))
#4 C:/laragon/www/base-app-laravel-vue/vendor/laravel/framework/src/Illuminate/Database/Query/Builder.php(4091): Illuminate/Database/MySqlConnection->insert('insert into `te...', Array)
#5 C:/laragon/www/base-app-laravel-vue/vendor/laravel/telescope/src/Storage/DatabaseEntriesRepository.php(145): Illuminate/Database/Query/Builder->insert(Array)
#6 C:/laragon/www/base-app-laravel-vue/vendor/laravel/framework/src/Illuminate/Collections/Traits/EnumeratesValues.php(275): Laravel/Telescope/Storage/DatabaseEntriesRepository->Laravel/Telescope/Storage/{closure}(Object(Illuminate/Support/Collection), 0)
#7 C:/laragon/www/base-app-laravel-vue/vendor/laravel/telescope/src/Storage/DatabaseEntriesRepository.php(144): Illuminate/Support/Collection->each(Object(Closure))
#8 C:/laragon/www/base-app-laravel-vue/vendor/laravel/telescope/src/Telescope.php(664): Laravel/Telescope/Storage/DatabaseEntriesRepository->store(Object(Illuminate/Support/Collection))
#9 [internal function]: Laravel/Telescope/Telescope::Laravel/Telescope/{closure}()
#10 C:/laragon/www/base-app-laravel-vue/vendor/laravel/telescope/src/Telescope.php(289): call_user_func(Object(Closure))
#11 C:/laragon/www/base-app-laravel-vue/vendor/laravel/telescope/src/Telescope.php(656): Laravel/Telescope/Telescope::withoutRecording(Object(Closure))
#12 C:/laragon/www/base-app-laravel-vue/vendor/laravel/telescope/src/ListensForStorageOpportunities.php(65): Laravel/Telescope/Telescope::store(Object(Laravel/Telescope/Storage/DatabaseEntriesRepository))
#13 C:/laragon/www/base-app-laravel-vue/vendor/laravel/framework/src/Illuminate/Container/BoundMethod.php(36): Laravel/Telescope/Telescope::Laravel/Telescope/{closure}()
#14 C:/laragon/www/base-app-laravel-vue/vendor/laravel/framework/src/Illuminate/Container/Util.php(43): Illuminate/Container/BoundMethod::Illuminate/Container/{closure}()
#15 C:/laragon/www/base-app-laravel-vue/vendor/laravel/framework/src/Illuminate/Container/BoundMethod.php(84): Illuminate/Container/Util::unwrapIfClosure(Object(Closure))
#16 C:/laragon/www/base-app-laravel-vue/vendor/laravel/framework/src/Illuminate/Container/BoundMethod.php(35): Illuminate/Container/BoundMethod::callBoundMethod(Object(Illuminate/Foundation/Application), Object(Closure), Object(Closure))
#17 C:/laragon/www/base-app-laravel-vue/vendor/laravel/framework/src/Illuminate/Container/Container.php(799): Illuminate/Container/BoundMethod::call(Object(Illuminate/Foundation/Application), Object(Closure), Array, NULL)
#18 C:/laragon/www/base-app-laravel-vue/vendor/laravel/framework/src/Illuminate/Foundation/Application.php(1466): Illuminate/Container/Container->call(Object(Closure))
#19 C:/laragon/www/base-app-laravel-vue/vendor/laravel/framework/src/Illuminate/Foundation/Console/Kernel.php(219): Illuminate/Foundation/Application->terminate()
#20 C:/laragon/www/base-app-laravel-vue/vendor/laravel/framework/src/Illuminate/Foundation/Application.php(1240): Illuminate/Foundation/Console/Kernel->terminate(Object(Symfony/Component/Console/Input/ArgvInput), 0)
#21 C:/laragon/www/base-app-laravel-vue/artisan(16): Illuminate/Foundation/Application->handleCommand(Object(Symfony/Component/Console/Input/ArgvInput))
#22 {main}
"} 
